Akilometer/app/build/outputs/logs/manifest-merger-debug-report.txt
-- Merging decision tree log ---
manifest
ADDED from src\main\AndroidManifest.xml:2:1-122:12
INJECTED from src\main\AndroidManifest.xml:2:1-122:12
INJECTED from src\main\AndroidManifest.xml:2:1-122:12
INJECTED from src\main\AndroidManifest.xml:2:1-122:12
MERGED from [:mylibrary] AndroidManifest.xml:2:1-13:12
MERGED from [cn.finalteam.rxgalleryfinal:library:1.0.9] AndroidManifest.xml:2:1-12:12
MERGED from [cc.solart:turbo-recyclerview-helper:1.0.3-beta] AndroidManifest.xml:2:1-17:12
MERGED from [liji.library.dev:citypickerview:0.9.0] AndroidManifest.xml:2:1-17:12
MERGED from [com.jcodecraeer:xrecyclerview:1.3.2] AndroidManifest.xml:2:1-13:12
MERGED from [com.yalantis:ucrop:2.2.0] AndroidManifest.xml:2:1-12:12
MERGED from [pub.devrel:easypermissions:2.0.0] AndroidManifest.xml:2:1-19:12
MERGED from [com.android.support:design:28.0.0] AndroidManifest.xml:17:1-24:12
MERGED from [com.android.support:appcompat-v7:28.0.0] AndroidManifest.xml:17:1-22:12
MERGED from [com.android.support.constraint:constraint-layout:1.1.2] AndroidManifest.xml:2:1-11:12
MERGED from [com.android.support:animated-vector-drawable:28.0.0] AndroidManifest.xml:17:1-22:12
MERGED from [com.android.support:support-vector-drawable:28.0.0] AndroidManifest.xml:17:1-22:12
MERGED from [com.android.support:support-v4:28.0.0] AndroidManifest.xml:17:1-22:12
MERGED from [org.xutils:xutils:3.3.36] AndroidManifest.xml:2:1-14:12
MERGED from [com.android.support:cardview-v7:28.0.0] AndroidManifest.xml:17:1-22:12
MERGED from [com.github.CymChad:BaseRecyclerViewAdapterHelper:2.9.30] AndroidManifest.xml:2:1-11:12
MERGED from [com.facebook.fresco:fresco:1.3.0] AndroidManifest.xml:2:1-9:12
MERGED from [com.facebook.fresco:animated-gif:1.3.0] AndroidManifest.xml:2:1-9:12
MERGED from [com.squareup.leakcanary:leakcanary-android-no-op:1.5.1] AndroidManifest.xml:17:1-22:12
MERGED from [cn.bingoogolapple:bga-qrcode-zxing:1.3.4] AndroidManifest.xml:2:1-9:12
MERGED from [cn.bingoogolapple:bga-qrcode-zbar:1.3.4] AndroidManifest.xml:2:1-9:12
MERGED from [com.android.support:recyclerview-v7:28.0.0] AndroidManifest.xml:17:1-22:12
MERGED from [com.github.bumptech.glide:glide:4.7.1] AndroidManifest.xml:2:1-13:12
MERGED from [com.android.support:support-fragment:28.0.0] AndroidManifest.xml:17:1-22:12
MERGED from [com.android.support:support-core-ui:28.0.0] AndroidManifest.xml:17:1-22:12
MERGED from [com.android.support:support-core-utils:28.0.0] AndroidManifest.xml:17:1-22:12
MERGED from [com.android.support:support-media-compat:28.0.0] AndroidManifest.xml:17:1-22:12
MERGED from [com.android.support:loader:28.0.0] AndroidManifest.xml:17:1-22:12
MERGED from [com.android.support:viewpager:28.0.0] AndroidManifest.xml:17:1-22:12
MERGED from [com.android.support:coordinatorlayout:28.0.0] AndroidManifest.xml:17:1-22:12
MERGED from [com.android.support:drawerlayout:28.0.0] AndroidManifest.xml:17:1-22:12
MERGED from [com.android.support:slidingpanelayout:28.0.0] AndroidManifest.xml:17:1-22:12
MERGED from [com.android.support:customview:28.0.0] AndroidManifest.xml:17:1-22:12
MERGED from [com.android.support:swiperefreshlayout:28.0.0] AndroidManifest.xml:17:1-22:12
MERGED from [com.android.support:asynclayoutinflater:28.0.0] AndroidManifest.xml:17:1-22:12
MERGED from [com.android.support:transition:28.0.0] AndroidManifest.xml:17:1-22:12
MERGED from [com.android.support:support-compat:28.0.0] AndroidManifest.xml:17:1-24:12
MERGED from [com.android.support:versionedparcelable:28.0.0] AndroidManifest.xml:17:1-25:12
MERGED from [com.android.support:exifinterface:25.3.1] AndroidManifest.xml:17:1-28:12
MERGED from [android.arch.lifecycle:runtime:1.1.1] AndroidManifest.xml:17:1-22:12
MERGED from [com.android.support:documentfile:28.0.0] AndroidManifest.xml:17:1-22:12
MERGED from [com.android.support:localbroadcastmanager:28.0.0] AndroidManifest.xml:17:1-22:12
MERGED from [com.android.support:print:28.0.0] AndroidManifest.xml:17:1-22:12
MERGED from [android.arch.lifecycle:viewmodel:1.1.1] AndroidManifest.xml:17:1-22:12
MERGED from [com.android.support:interpolator:28.0.0] AndroidManifest.xml:17:1-22:12
MERGED from [com.android.support:cursoradapter:28.0.0] AndroidManifest.xml:17:1-22:12
MERGED from [android.arch.lifecycle:livedata:1.1.1] AndroidManifest.xml:17:1-22:12
MERGED from [android.arch.lifecycle:livedata-core:1.1.1] AndroidManifest.xml:17:1-22:12
MERGED from [android.arch.core:runtime:1.1.1] AndroidManifest.xml:17:1-22:12
MERGED from [com.github.bumptech.glide:gifdecoder:4.7.1] AndroidManifest.xml:2:1-11:12
MERGED from [com.jakewharton:butterknife:8.4.0] AndroidManifest.xml:2:1-7:12
MERGED from [cn.bingoogolapple:bga-photopicker:1.2.8] AndroidManifest.xml:2:1-50:12
MERGED from [cn.bingoogolapple:bga-baseadapter:1.2.9] AndroidManifest.xml:2:1-10:12
MERGED from [cn.bingoogolapple:bga-flowlayout:1.0.0] AndroidManifest.xml:2:1-10:12
MERGED from [com.wang.avi:library:2.1.3] AndroidManifest.xml:2:1-11:12
MERGED from [com.githang:status-bar-compat:0.7] AndroidManifest.xml:2:1-14:12
MERGED from [io.reactivex:rxandroid:1.2.1] AndroidManifest.xml:15:1-21:12
MERGED from [com.aliyun.dpa:oss-android-sdk:2.9.2] AndroidManifest.xml:2:1-22:12
MERGED from [com.android.support:multidex:1.0.1] AndroidManifest.xml:16:1-19:12
MERGED from [io.reactivex.rxjava2:rxandroid:2.0.1] AndroidManifest.xml:15:1-21:12
MERGED from [com.facebook.fresco:drawee:1.3.0] AndroidManifest.xml:2:1-9:12
MERGED from [com.facebook.fresco:animated-base:1.3.0] AndroidManifest.xml:2:1-9:12
MERGED from [com.facebook.fresco:imagepipeline:1.3.0] AndroidManifest.xml:2:1-9:12
MERGED from [com.facebook.fresco:imagepipeline-base:1.3.0] AndroidManifest.xml:2:1-9:12
MERGED from [com.facebook.fresco:fbcore:1.3.0] AndroidManifest.xml:2:1-9:12
MERGED from [cn.bingoogolapple:bga-qrcode-core:1.3.4] AndroidManifest.xml:2:1-19:12
INJECTED from src\main\AndroidManifest.xml:2:1-122:12
INJECTED from src\main\AndroidManifest.xml:2:1-122:12
INJECTED from src\main\AndroidManifest.xml:2:1-122:12
	package
		ADDED from src\main\AndroidManifest.xml:3:5-39
		INJECTED from src\main\AndroidManifest.xml
		INJECTED from src\main\AndroidManifest.xml
	android:versionName
		INJECTED from src\main\AndroidManifest.xml
		ADDED from src\main\AndroidManifest.xml:2:1-122:12
		INJECTED from src\main\AndroidManifest.xml
	android:versionCode
		INJECTED from src\main\AndroidManifest.xml
		ADDED from src\main\AndroidManifest.xml:2:1-122:12
		INJECTED from src\main\AndroidManifest.xml
	xmlns:android
		ADDED from src\main\AndroidManifest.xml:2:11-69
uses-sdk
ADDED from src\main\AndroidManifest.xml:5:5-7:41
INJECTED from src\main\AndroidManifest.xml:5:5-7:41
INJECTED from src\main\AndroidManifest.xml:5:5-7:41
MERGED from [:mylibrary] AndroidManifest.xml:7:5-9:41
MERGED from [:mylibrary] AndroidManifest.xml:7:5-9:41
MERGED from [cn.finalteam.rxgalleryfinal:library:1.0.9] AndroidManifest.xml:8:5-10:41
MERGED from [cn.finalteam.rxgalleryfinal:library:1.0.9] AndroidManifest.xml:8:5-10:41
MERGED from [cc.solart:turbo-recyclerview-helper:1.0.3-beta] AndroidManifest.xml:7:5-9:41
MERGED from [cc.solart:turbo-recyclerview-helper:1.0.3-beta] AndroidManifest.xml:7:5-9:41
MERGED from [liji.library.dev:citypickerview:0.9.0] AndroidManifest.xml:7:5-9:41
MERGED from [liji.library.dev:citypickerview:0.9.0] AndroidManifest.xml:7:5-9:41
MERGED from [com.jcodecraeer:xrecyclerview:1.3.2] AndroidManifest.xml:7:5-9:41
MERGED from [com.jcodecraeer:xrecyclerview:1.3.2] AndroidManifest.xml:7:5-9:41
MERGED from [com.yalantis:ucrop:2.2.0] AndroidManifest.xml:8:5-10:41
MERGED from [com.yalantis:ucrop:2.2.0] AndroidManifest.xml:8:5-10:41
MERGED from [pub.devrel:easypermissions:2.0.0] AndroidManifest.xml:7:5-9:41
MERGED from [pub.devrel:easypermissions:2.0.0] AndroidManifest.xml:7:5-9:41
MERGED from [com.android.support:design:28.0.0] AndroidManifest.xml:20:5-44
MERGED from [com.android.support:design:28.0.0] AndroidManifest.xml:20:5-44
MERGED from [com.android.support:appcompat-v7:28.0.0] AndroidManifest.xml:20:5-44
MERGED from [com.android.support:appcompat-v7:28.0.0] AndroidManifest.xml:20:5-44
MERGED from [com.android.support.constraint:constraint-layout:1.1.2] AndroidManifest.xml:5:5-7:41
MERGED from [com.android.support.constraint:constraint-layout:1.1.2] AndroidManifest.xml:5:5-7:41
MERGED from [com.android.support:animated-vector-drawable:28.0.0] AndroidManifest.xml:20:5-44
MERGED from [com.android.support:animated-vector-drawable:28.0.0] AndroidManifest.xml:20:5-44
MERGED from [com.android.support:support-vector-drawable:28.0.0] AndroidManifest.xml:20:5-44
MERGED from [com.android.support:support-vector-drawable:28.0.0] AndroidManifest.xml:20:5-44
MERGED from [com.android.support:support-v4:28.0.0] AndroidManifest.xml:20:5-44
MERGED from [com.android.support:support-v4:28.0.0] AndroidManifest.xml:20:5-44
MERGED from [org.xutils:xutils:3.3.36] AndroidManifest.xml:8:5-10:41
MERGED from [org.xutils:xutils:3.3.36] AndroidManifest.xml:8:5-10:41
MERGED from [com.android.support:cardview-v7:28.0.0] AndroidManifest.xml:20:5-44
MERGED from [com.android.support:cardview-v7:28.0.0] AndroidManifest.xml:20:5-44
MERGED from [com.github.CymChad:BaseRecyclerViewAdapterHelper:2.9.30] AndroidManifest.xml:7:5-9:41
MERGED from [com.github.CymChad:BaseRecyclerViewAdapterHelper:2.9.30] AndroidManifest.xml:7:5-9:41
MERGED from [com.facebook.fresco:fresco:1.3.0] AndroidManifest.xml:5:5-7:41
MERGED from [com.facebook.fresco:fresco:1.3.0] AndroidManifest.xml:5:5-7:41
MERGED from [com.facebook.fresco:animated-gif:1.3.0] AndroidManifest.xml:5:5-7:41
MERGED from [com.facebook.fresco:animated-gif:1.3.0] AndroidManifest.xml:5:5-7:41
MERGED from [com.squareup.leakcanary:leakcanary-android-no-op:1.5.1] AndroidManifest.xml:20:5-44
MERGED from [com.squareup.leakcanary:leakcanary-android-no-op:1.5.1] AndroidManifest.xml:20:5-44
MERGED from [cn.bingoogolapple:bga-qrcode-zxing:1.3.4] AndroidManifest.xml:5:5-7:41
MERGED from [cn.bingoogolapple:bga-qrcode-zxing:1.3.4] AndroidManifest.xml:5:5-7:41
MERGED from [cn.bingoogolapple:bga-qrcode-zbar:1.3.4] AndroidManifest.xml:5:5-7:41
MERGED from [cn.bingoogolapple:bga-qrcode-zbar:1.3.4] AndroidManifest.xml:5:5-7:41
MERGED from [com.android.support:recyclerview-v7:28.0.0] AndroidManifest.xml:20:5-44
MERGED from [com.android.support:recyclerview-v7:28.0.0] AndroidManifest.xml:20:5-44
MERGED from [com.github.bumptech.glide:glide:4.7.1] AndroidManifest.xml:7:5-9:41
MERGED from [com.github.bumptech.glide:glide:4.7.1] AndroidManifest.xml:7:5-9:41
MERGED from [com.android.support:support-fragment:28.0.0] AndroidManifest.xml:20:5-44
MERGED from [com.android.support:support-fragment:28.0.0] AndroidManifest.xml:20:5-44
MERGED from [com.android.support:support-core-ui:28.0.0] AndroidManifest.xml:20:5-44
MERGED from [com.android.support:support-core-ui:28.0.0] AndroidManifest.xml:20:5-44
MERGED from [com.android.support:support-core-utils:28.0.0] AndroidManifest.xml:20:5-44
MERGED from [com.android.support:support-core-utils:28.0.0] AndroidManifest.xml:20:5-44
MERGED from [com.android.support:support-media-compat:28.0.0] AndroidManifest.xml:20:5-44
MERGED from [com.android.support:support-media-compat:28.0.0] AndroidManifest.xml:20:5-44
MERGED from [com.android.support:loader:28.0.0] AndroidManifest.xml:20:5-44
MERGED from [com.android.support:loader:28.0.0] AndroidManifest.xml:20:5-44
MERGED from [com.android.support:viewpager:28.0.0] AndroidManifest.xml:20:5-44
MERGED from [com.android.support:viewpager:28.0.0] AndroidManifest.xml:20:5-44
MERGED from [com.android.support:coordinatorlayout:28.0.0] AndroidManifest.xml:20:5-44
MERGED from [com.android.support:coordinatorlayout:28.0.0] AndroidManifest.xml:20:5-44
MERGED from [com.android.support:drawerlayout:28.0.0] AndroidManifest.xml:20:5-44
MERGED from [com.android.support:drawerlayout:28.0.0] AndroidManifest.xml:20:5-44
MERGED from [com.android.support:slidingpanelayout:28.0.0] AndroidManifest.xml:20:5-44
MERGED from [com.android.support:slidingpanelayout:28.0.0] AndroidManifest.xml:20:5-44
MERGED from [com.android.support:customview:28.0.0] AndroidManifest.xml:20:5-44
MERGED from [com.android.support:customview:28.0.0] AndroidManifest.xml:20:5-44
MERGED from [com.android.support:swiperefreshlayout:28.0.0] AndroidManifest.xml:20:5-44
MERGED from [com.android.support:swiperefreshlayout:28.0.0] AndroidManifest.xml:20:5-44
MERGED from [com.android.support:asynclayoutinflater:28.0.0] AndroidManifest.xml:20:5-44
MERGED from [com.android.support:asynclayoutinflater:28.0.0] AndroidManifest.xml:20:5-44
MERGED from [com.android.support:transition:28.0.0] AndroidManifest.xml:20:5-44
MERGED from [com.android.support:transition:28.0.0] AndroidManifest.xml:20:5-44
MERGED from [com.android.support:support-compat:28.0.0] AndroidManifest.xml:20:5-44
MERGED from [com.android.support:support-compat:28.0.0] AndroidManifest.xml:20:5-44
MERGED from [com.android.support:versionedparcelable:28.0.0] AndroidManifest.xml:20:5-44
MERGED from [com.android.support:versionedparcelable:28.0.0] AndroidManifest.xml:20:5-44
MERGED from [com.android.support:exifinterface:25.3.1] AndroidManifest.xml:20:5-43
MERGED from [com.android.support:exifinterface:25.3.1] AndroidManifest.xml:20:5-43
MERGED from [android.arch.lifecycle:runtime:1.1.1] AndroidManifest.xml:20:5-44
MERGED from [android.arch.lifecycle:runtime:1.1.1] AndroidManifest.xml:20:5-44
MERGED from [com.android.support:documentfile:28.0.0] AndroidManifest.xml:20:5-44
MERGED from [com.android.support:documentfile:28.0.0] AndroidManifest.xml:20:5-44
MERGED from [com.android.support:localbroadcastmanager:28.0.0] AndroidManifest.xml:20:5-44
MERGED from [com.android.support:localbroadcastmanager:28.0.0] AndroidManifest.xml:20:5-44
MERGED from [com.android.support:print:28.0.0] AndroidManifest.xml:20:5-44
MERGED from [com.android.support:print:28.0.0] AndroidManifest.xml:20:5-44
MERGED from [android.arch.lifecycle:viewmodel:1.1.1] AndroidManifest.xml:20:5-44
MERGED from [android.arch.lifecycle:viewmodel:1.1.1] AndroidManifest.xml:20:5-44
MERGED from [com.android.support:interpolator:28.0.0] AndroidManifest.xml:20:5-44
MERGED from [com.android.support:interpolator:28.0.0] AndroidManifest.xml:20:5-44
MERGED from [com.android.support:cursoradapter:28.0.0] AndroidManifest.xml:20:5-44
MERGED from [com.android.support:cursoradapter:28.0.0] AndroidManifest.xml:20:5-44
MERGED from [android.arch.lifecycle:livedata:1.1.1] AndroidManifest.xml:20:5-44
MERGED from [android.arch.lifecycle:livedata:1.1.1] AndroidManifest.xml:20:5-44
MERGED from [android.arch.lifecycle:livedata-core:1.1.1] AndroidManifest.xml:20:5-44
MERGED from [android.arch.lifecycle:livedata-core:1.1.1] AndroidManifest.xml:20:5-44
MERGED from [android.arch.core:runtime:1.1.1] AndroidManifest.xml:20:5-44
MERGED from [android.arch.core:runtime:1.1.1] AndroidManifest.xml:20:5-44
MERGED from [com.github.bumptech.glide:gifdecoder:4.7.1] AndroidManifest.xml:5:5-7:41
MERGED from [com.github.bumptech.glide:gifdecoder:4.7.1] AndroidManifest.xml:5:5-7:41
MERGED from [com.jakewharton:butterknife:8.4.0] AndroidManifest.xml:5:5-43
MERGED from [com.jakewharton:butterknife:8.4.0] AndroidManifest.xml:5:5-43
MERGED from [cn.bingoogolapple:bga-photopicker:1.2.8] AndroidManifest.xml:5:5-7:41
MERGED from [cn.bingoogolapple:bga-photopicker:1.2.8] AndroidManifest.xml:5:5-7:41
MERGED from [cn.bingoogolapple:bga-baseadapter:1.2.9] AndroidManifest.xml:6:5-8:41
MERGED from [cn.bingoogolapple:bga-baseadapter:1.2.9] AndroidManifest.xml:6:5-8:41
MERGED from [cn.bingoogolapple:bga-flowlayout:1.0.0] AndroidManifest.xml:6:5-8:41
MERGED from [cn.bingoogolapple:bga-flowlayout:1.0.0] AndroidManifest.xml:6:5-8:41
MERGED from [com.wang.avi:library:2.1.3] AndroidManifest.xml:7:5-9:41
MERGED from [com.wang.avi:library:2.1.3] AndroidManifest.xml:7:5-9:41
MERGED from [com.githang:status-bar-compat:0.7] AndroidManifest.xml:8:5-10:41
MERGED from [com.githang:status-bar-compat:0.7] AndroidManifest.xml:8:5-10:41
MERGED from [io.reactivex:rxandroid:1.2.1] AndroidManifest.xml:19:5-43
MERGED from [io.reactivex:rxandroid:1.2.1] AndroidManifest.xml:19:5-43
MERGED from [com.aliyun.dpa:oss-android-sdk:2.9.2] AndroidManifest.xml:7:5-9:41
MERGED from [com.aliyun.dpa:oss-android-sdk:2.9.2] AndroidManifest.xml:7:5-9:41
MERGED from [com.android.support:multidex:1.0.1] AndroidManifest.xml:18:5-42
MERGED from [com.android.support:multidex:1.0.1] AndroidManifest.xml:18:5-42
MERGED from [io.reactivex.rxjava2:rxandroid:2.0.1] AndroidManifest.xml:19:5-43
MERGED from [io.reactivex.rxjava2:rxandroid:2.0.1] AndroidManifest.xml:19:5-43
MERGED from [com.facebook.fresco:drawee:1.3.0] AndroidManifest.xml:5:5-7:41
MERGED from [com.facebook.fresco:drawee:1.3.0] AndroidManifest.xml:5:5-7:41
MERGED from [com.facebook.fresco:animated-base:1.3.0] AndroidManifest.xml:5:5-7:41
MERGED from [com.facebook.fresco:animated-base:1.3.0] AndroidManifest.xml:5:5-7:41
MERGED from [com.facebook.fresco:imagepipeline:1.3.0] AndroidManifest.xml:5:5-7:41
MERGED from [com.facebook.fresco:imagepipeline:1.3.0] AndroidManifest.xml:5:5-7:41
MERGED from [com.facebook.fresco:imagepipeline-base:1.3.0] AndroidManifest.xml:5:5-7:41
MERGED from [com.facebook.fresco:imagepipeline-base:1.3.0] AndroidManifest.xml:5:5-7:41
MERGED from [com.facebook.fresco:fbcore:1.3.0] AndroidManifest.xml:5:5-7:41
MERGED from [com.facebook.fresco:fbcore:1.3.0] AndroidManifest.xml:5:5-7:41
MERGED from [cn.bingoogolapple:bga-qrcode-core:1.3.4] AndroidManifest.xml:5:5-7:41
MERGED from [cn.bingoogolapple:bga-qrcode-core:1.3.4] AndroidManifest.xml:5:5-7:41
INJECTED from src\main\AndroidManifest.xml:5:5-7:41
INJECTED from src\main\AndroidManifest.xml:5:5-7:41
	android:targetSdkVersion
		ADDED from src\main\AndroidManifest.xml:7:9-38
		INJECTED from src\main\AndroidManifest.xml
		INJECTED from src\main\AndroidManifest.xml
	android:minSdkVersion
		ADDED from src\main\AndroidManifest.xml:6:9-35
		INJECTED from src\main\AndroidManifest.xml
		INJECTED from src\main\AndroidManifest.xml
uses-permission#android.permission.ACCESS_FINE_LOCATION
ADDED from src\main\AndroidManifest.xml:9:5-79
	android:name
		ADDED from src\main\AndroidManifest.xml:9:22-76
uses-permission#com.android.launcher.permission.READ_SETTINGS
ADDED from src\main\AndroidManifest.xml:11:5-85
	android:name
		ADDED from src\main\AndroidManifest.xml:11:22-82
uses-permission#android.permission.ACCESS_COARSE_LOCATION
ADDED from src\main\AndroidManifest.xml:13:5-81
MERGED from [:mylibrary] AndroidManifest.xml:11:5-81
MERGED from [:mylibrary] AndroidManifest.xml:11:5-81
	android:name
		ADDED from src\main\AndroidManifest.xml:13:22-78
uses-permission#android.permission.ACCESS_WIFI_STATE
ADDED from src\main\AndroidManifest.xml:16:5-76
MERGED from [com.aliyun.dpa:oss-android-sdk:2.9.2] AndroidManifest.xml:13:5-76
MERGED from [com.aliyun.dpa:oss-android-sdk:2.9.2] AndroidManifest.xml:13:5-76
	android:name
		ADDED from src\main\AndroidManifest.xml:16:22-73
uses-permission#android.permission.ACCESS_NETWORK_STATE
ADDED from src\main\AndroidManifest.xml:18:5-79
MERGED from [com.aliyun.dpa:oss-android-sdk:2.9.2] AndroidManifest.xml:12:5-79
MERGED from [com.aliyun.dpa:oss-android-sdk:2.9.2] AndroidManifest.xml:12:5-79
	android:name
		ADDED from src\main\AndroidManifest.xml:18:22-76
uses-permission#android.permission.READ_PHONE_STATE
ADDED from src\main\AndroidManifest.xml:20:5-75
	android:name
		ADDED from src\main\AndroidManifest.xml:20:22-72
uses-permission#android.permission.WRITE_EXTERNAL_STORAGE
ADDED from src\main\AndroidManifest.xml:22:5-81
MERGED from [cn.bingoogolapple:bga-photopicker:1.2.8] AndroidManifest.xml:10:5-81
MERGED from [cn.bingoogolapple:bga-photopicker:1.2.8] AndroidManifest.xml:10:5-81
MERGED from [com.aliyun.dpa:oss-android-sdk:2.9.2] AndroidManifest.xml:14:5-81
MERGED from [com.aliyun.dpa:oss-android-sdk:2.9.2] AndroidManifest.xml:14:5-81
	android:name
		ADDED from src\main\AndroidManifest.xml:22:22-78
uses-permission#android.permission.READ_EXTERNAL_STORAGE
ADDED from src\main\AndroidManifest.xml:23:5-80
MERGED from [cn.bingoogolapple:bga-photopicker:1.2.8] AndroidManifest.xml:9:5-80
MERGED from [cn.bingoogolapple:bga-photopicker:1.2.8] AndroidManifest.xml:9:5-80
	android:name
		ADDED from src\main\AndroidManifest.xml:23:22-77
uses-permission#android.permission.INTERNET
ADDED from src\main\AndroidManifest.xml:25:5-67
MERGED from [com.aliyun.dpa:oss-android-sdk:2.9.2] AndroidManifest.xml:11:5-67
MERGED from [com.aliyun.dpa:oss-android-sdk:2.9.2] AndroidManifest.xml:11:5-67
	android:name
		ADDED from src\main\AndroidManifest.xml:25:22-64
uses-permission#android.permission.MOUNT_UNMOUNT_FILESYSTEMS
ADDED from src\main\AndroidManifest.xml:26:5-84
	android:name
		ADDED from src\main\AndroidManifest.xml:26:22-81
uses-permission#android.permission.WRITE_SETTINGS
ADDED from src\main\AndroidManifest.xml:27:5-73
	android:name
		ADDED from src\main\AndroidManifest.xml:27:22-70
uses-permission#android.permission.SEND_SMS
ADDED from src\main\AndroidManifest.xml:29:5-67
	android:name
		ADDED from src\main\AndroidManifest.xml:29:22-64
uses-permission#android.permission.READ_SMS
ADDED from src\main\AndroidManifest.xml:30:5-67
	android:name
		ADDED from src\main\AndroidManifest.xml:30:22-64
uses-permission#android.permission.CALL_PHONE
ADDED from src\main\AndroidManifest.xml:31:5-69
	android:name
		ADDED from src\main\AndroidManifest.xml:31:22-66
uses-permission#android.permission.GET_ACCOUNTS
ADDED from src\main\AndroidManifest.xml:34:5-71
	android:name
		ADDED from src\main\AndroidManifest.xml:34:22-68
uses-permission#android.permission.READ_PROFILE
ADDED from src\main\AndroidManifest.xml:35:5-71
	android:name
		ADDED from src\main\AndroidManifest.xml:35:22-68
uses-permission#android.permission.READ_CONTACTS
ADDED from src\main\AndroidManifest.xml:36:5-72
	android:name
		ADDED from src\main\AndroidManifest.xml:36:22-69
uses-feature#android.hardware.camera
ADDED from src\main\AndroidManifest.xml:39:5-60
	android:name
		ADDED from src\main\AndroidManifest.xml:39:19-57
uses-feature#android.hardware.camera.autofocus
ADDED from src\main\AndroidManifest.xml:40:5-70
MERGED from [cn.bingoogolapple:bga-qrcode-core:1.3.4] AndroidManifest.xml:12:5-14:36
MERGED from [cn.bingoogolapple:bga-qrcode-core:1.3.4] AndroidManifest.xml:12:5-14:36
	android:name
		ADDED from src\main\AndroidManifest.xml:40:19-67
uses-permission#android.permission.RECORD_AUDIO
ADDED from src\main\AndroidManifest.xml:42:5-71
	android:name
		ADDED from src\main\AndroidManifest.xml:42:22-68
uses-permission#android.permission.CAMERA
ADDED from src\main\AndroidManifest.xml:43:5-65
MERGED from [cn.bingoogolapple:bga-photopicker:1.2.8] AndroidManifest.xml:11:5-65
MERGED from [cn.bingoogolapple:bga-photopicker:1.2.8] AndroidManifest.xml:11:5-65
MERGED from [cn.bingoogolapple:bga-qrcode-core:1.3.4] AndroidManifest.xml:9:5-65
MERGED from [cn.bingoogolapple:bga-qrcode-core:1.3.4] AndroidManifest.xml:9:5-65
	android:name
		ADDED from src\main\AndroidManifest.xml:43:22-62
uses-permission#android.permission.CHANGE_WIFI_STATE
ADDED from src\main\AndroidManifest.xml:46:5-76
MERGED from [com.aliyun.dpa:oss-android-sdk:2.9.2] AndroidManifest.xml:15:5-76
MERGED from [com.aliyun.dpa:oss-android-sdk:2.9.2] AndroidManifest.xml:15:5-76
	android:name
		ADDED from src\main\AndroidManifest.xml:46:22-73
uses-permission#android.permission.CHANGE_CONFIGURATION
ADDED from src\main\AndroidManifest.xml:47:5-79
	android:name
		ADDED from src\main\AndroidManifest.xml:47:22-76
uses-permission#android.permission.WAKE_LOCK
ADDED from src\main\AndroidManifest.xml:49:5-68
	android:name
		ADDED from src\main\AndroidManifest.xml:49:22-65
uses-permission#android.permission.SYSTEM_ALERT_WINDOW
ADDED from src\main\AndroidManifest.xml:51:5-78
	android:name
		ADDED from src\main\AndroidManifest.xml:51:22-75
uses-permission#android.permission.READ_LOGS
ADDED from src\main\AndroidManifest.xml:52:5-68
	android:name
		ADDED from src\main\AndroidManifest.xml:52:22-65
uses-permission#android.permission.VIBRATE
ADDED from src\main\AndroidManifest.xml:53:5-66
	android:name
		ADDED from src\main\AndroidManifest.xml:53:22-63
uses-permission#android.permission.RECEIVE_BOOT_COMPLETED
ADDED from src\main\AndroidManifest.xml:54:5-81
	android:name
		ADDED from src\main\AndroidManifest.xml:54:22-78
uses-permission#android.permission.BROADCAST_STICKY
ADDED from src\main\AndroidManifest.xml:55:5-75
	android:name
		ADDED from src\main\AndroidManifest.xml:55:22-72
uses-permission#android.permission.READ_CALL_LOG
ADDED from src\main\AndroidManifest.xml:56:5-72
	android:name
		ADDED from src\main\AndroidManifest.xml:56:22-69
uses-permission#android.permission.READ_CALENDAR
ADDED from src\main\AndroidManifest.xml:57:5-72
	android:name
		ADDED from src\main\AndroidManifest.xml:57:22-69
uses-feature#0x00020000
ADDED from src\main\AndroidManifest.xml:59:5-61:35
	android:glEsVersion
		ADDED from src\main\AndroidManifest.xml:60:9-41
	android:required
		ADDED from src\main\AndroidManifest.xml:61:9-32
supports-screens
ADDED from src\main\AndroidManifest.xml:63:5-68:39
	android:largeScreens
		ADDED from src\main\AndroidManifest.xml:65:9-36
	android:smallScreens
		ADDED from src\main\AndroidManifest.xml:68:9-36
	android:normalScreens
		ADDED from src\main\AndroidManifest.xml:66:9-38
	android:resizeable
		ADDED from src\main\AndroidManifest.xml:67:9-34
	android:anyDensity
		ADDED from src\main\AndroidManifest.xml:64:9-34
application
ADDED from src\main\AndroidManifest.xml:75:5-120:19
MERGED from [cc.solart:turbo-recyclerview-helper:1.0.3-beta] AndroidManifest.xml:11:5-15:19
MERGED from [cc.solart:turbo-recyclerview-helper:1.0.3-beta] AndroidManifest.xml:11:5-15:19
MERGED from [liji.library.dev:citypickerview:0.9.0] AndroidManifest.xml:11:5-15:19
MERGED from [liji.library.dev:citypickerview:0.9.0] AndroidManifest.xml:11:5-15:19
MERGED from [com.jcodecraeer:xrecyclerview:1.3.2] AndroidManifest.xml:11:5-20
MERGED from [com.jcodecraeer:xrecyclerview:1.3.2] AndroidManifest.xml:11:5-20
MERGED from [pub.devrel:easypermissions:2.0.0] AndroidManifest.xml:11:5-17:19
MERGED from [pub.devrel:easypermissions:2.0.0] AndroidManifest.xml:11:5-17:19
MERGED from [com.android.support:design:28.0.0] AndroidManifest.xml:22:5-20
MERGED from [com.android.support:design:28.0.0] AndroidManifest.xml:22:5-20
MERGED from [com.android.support.constraint:constraint-layout:1.1.2] AndroidManifest.xml:9:5-20
MERGED from [com.android.support.constraint:constraint-layout:1.1.2] AndroidManifest.xml:9:5-20
MERGED from [org.xutils:xutils:3.3.36] AndroidManifest.xml:12:5-20
MERGED from [org.xutils:xutils:3.3.36] AndroidManifest.xml:12:5-20
MERGED from [com.github.bumptech.glide:glide:4.7.1] AndroidManifest.xml:11:5-20
MERGED from [com.github.bumptech.glide:glide:4.7.1] AndroidManifest.xml:11:5-20
MERGED from [com.android.support:support-compat:28.0.0] AndroidManifest.xml:22:5-94
MERGED from [com.android.support:support-compat:28.0.0] AndroidManifest.xml:22:5-94
MERGED from [com.android.support:versionedparcelable:28.0.0] AndroidManifest.xml:22:5-23:19
MERGED from [com.android.support:versionedparcelable:28.0.0] AndroidManifest.xml:22:5-23:19
MERGED from [com.android.support:exifinterface:25.3.1] AndroidManifest.xml:26:5-20
MERGED from [com.android.support:exifinterface:25.3.1] AndroidManifest.xml:26:5-20
MERGED from [com.github.bumptech.glide:gifdecoder:4.7.1] AndroidManifest.xml:9:5-20
MERGED from [com.github.bumptech.glide:gifdecoder:4.7.1] AndroidManifest.xml:9:5-20
MERGED from [cn.bingoogolapple:bga-photopicker:1.2.8] AndroidManifest.xml:13:5-48:19
MERGED from [cn.bingoogolapple:bga-photopicker:1.2.8] AndroidManifest.xml:13:5-48:19
MERGED from [com.githang:status-bar-compat:0.7] AndroidManifest.xml:12:5-20
MERGED from [com.githang:status-bar-compat:0.7] AndroidManifest.xml:12:5-20
MERGED from [com.aliyun.dpa:oss-android-sdk:2.9.2] AndroidManifest.xml:17:5-20:19
MERGED from [com.aliyun.dpa:oss-android-sdk:2.9.2] AndroidManifest.xml:17:5-20:19
	android:appComponentFactory
		ADDED from [com.android.support:support-compat:28.0.0] AndroidManifest.xml:22:18-91
	android:supportsRtl
		ADDED from src\main\AndroidManifest.xml:81:9-35
	android:label
		ADDED from src\main\AndroidManifest.xml:79:9-41
	android:roundIcon
		ADDED from src\main\AndroidManifest.xml:80:9-54
	android:icon
		ADDED from src\main\AndroidManifest.xml:78:9-43
	android:allowBackup
		ADDED from src\main\AndroidManifest.xml:77:9-35
	android:theme
		ADDED from src\main\AndroidManifest.xml:82:9-40
	android:name
		ADDED from src\main\AndroidManifest.xml:76:9-55
service#com.baidu.location.f
ADDED from src\main\AndroidManifest.xml:83:9-90:19
	android:process
		ADDED from src\main\AndroidManifest.xml:86:13-38
	android:enabled
		ADDED from src\main\AndroidManifest.xml:85:13-35
	android:name
		ADDED from src\main\AndroidManifest.xml:84:13-48
intent-filter#action:name:com.baidu.location.service_v2.2
ADDED from src\main\AndroidManifest.xml:87:13-89:29
action#com.baidu.location.service_v2.2
ADDED from src\main\AndroidManifest.xml:88:17-74
	android:name
		ADDED from src\main\AndroidManifest.xml:88:25-71
meta-data#com.baidu.lbsapi.API_KEY
ADDED from src\main\AndroidManifest.xml:92:9-94:64
	android:value
		ADDED from src\main\AndroidManifest.xml:94:13-61
	android:name
		ADDED from src\main\AndroidManifest.xml:93:13-52
activity#com.bcm.havoc.akilometer.MainActivity
ADDED from src\main\AndroidManifest.xml:95:9-103:20
	android:label
		ADDED from src\main\AndroidManifest.xml:97:13-45
	android:name
		ADDED from src\main\AndroidManifest.xml:96:13-41
intent-filter#action:name:android.intent.action.MAIN+category:name:android.intent.category.LAUNCHER
ADDED from src\main\AndroidManifest.xml:98:13-102:29
action#android.intent.action.MAIN
ADDED from src\main\AndroidManifest.xml:99:17-69
	android:name
		ADDED from src\main\AndroidManifest.xml:99:25-66
category#android.intent.category.LAUNCHER
ADDED from src\main\AndroidManifest.xml:101:17-77
	android:name
		ADDED from src\main\AndroidManifest.xml:101:27-74
activity#com.bcm.havoc.akilometer.Base.ui.LoadingActivity